<?xml version="1.0" encoding="UTF-8"?>
<testng-results ignored="0" total="1" passed="1" failed="0" skipped="0">
  <reporter-output>
  </reporter-output>
  <suite started-at="2023-08-22T11:58:36 IST" name="Default suite" finished-at="2023-08-22T11:58:36 IST" duration-ms="95">
    <groups>
    </groups>
    <test started-at="2023-08-22T11:58:36 IST" name="Default test" finished-at="2023-08-22T11:58:36 IST" duration-ms="95">
      <class name="testng.Assertions">
        <test-method signature="checkEqual()[pri:0, instance:testng.Assertions@1afd44cb]" started-at="2023-08-22T11:58:36 IST" name="checkEqual" finished-at="2023-08-22T11:58:36 IST" duration-ms="24" status="PASS">
          <reporter-output>
          </reporter-output>
        </test-method> <!-- checkEqual -->
      </class> <!-- testng.Assertions -->
    </test> <!-- Default test -->
  </suite> <!-- Default suite -->
</testng-results>
