<?xml version="1.0" encoding="UTF-8"?>
<!-- Generated by org.testng.reporters.JUnitXMLReporter -->
<testsuite ignored="4" hostname="AMVCOMPUTERS" failures="0" tests="4" name="Test Cases" time="0.149" errors="0" timestamp="2023-08-22T11:49:15 IST">
  <testcase classname="testng.Group_Testcase" name="Apple1" time="0.022"/>
  <testcase classname="testng.Group_Testcase" name="apple" time="0.005"/>
  <testcase classname="testng.Group_Testcase" name="iphone" time="0.004"/>
  <testcase classname="testng.Group_Testcase" name="iphone1" time="0.004"/>
  <testcase classname="testng.Group_Testcase" name="vivo" time="0.0">
    <ignored/>
  </testcase> <!-- vivo -->
  <testcase classname="testng.Group_Testcase" name="vivo1" time="0.0">
    <ignored/>
  </testcase> <!-- vivo1 -->
  <testcase classname="testng.Group_Testcase" name="samsung" time="0.0">
    <ignored/>
  </testcase> <!-- samsung -->
  <testcase classname="testng.Group_Testcase" name="samsung1" time="0.0">
    <ignored/>
  </testcase> <!-- samsung1 -->
</testsuite> <!-- Test Cases -->
